# JRE version: OpenJDK Runtime Environment (11.0.12+7) (build 11.0.12+7-b1504.28-7817840)
# Java VM: OpenJDK 64-Bit Server VM (11.0.12+7-b1504.28-7817840, mixed mode, tiered, compressed oops, g1 gc, windows-amd64)
Heap:
 garbage-first heap   total 260096K, used 192100K [0x0000000080000000, 0x0000000100000000)
  region size 1024K, 64 young (65536K), 6 survivors (6144K)
 Metaspace       used 112009K, capacity 115301K, committed 117824K, reserved 1150976K
  class space    used 14503K, capacity 15799K, committed 16768K, reserved 1048576K
GC Heap History (20 events):
Event: 43.576 GC heap before
{Heap before GC invocations=16 (full 0):
 garbage-first heap   total 260096K, used 197919K [0x0000000080000000, 0x0000000100000000)
  region size 1024K, 116 young (118784K), 15 survivors (15360K)
 Metaspace       used 96955K, capacity 99925K, committed 100088K, reserved 1136640K
  class space    used 12562K, capacity 13718K, committed 13824K, reserved 1048576K
}
Event: 43.594 GC heap after
{Heap after GC invocations=17 (full 0):
 garbage-first heap   total 260096K, used 114052K [0x0000000080000000, 0x0000000100000000)
  region size 1024K, 15 young (15360K), 15 survivors (15360K)
 Metaspace       used 96955K, capacity 99925K, committed 100088K, reserved 1136640K
  class space    used 12562K, capacity 13718K, committed 13824K, reserved 1048576K
}
Event: 43.619 GC heap before
{Heap before GC invocations=17 (full 0):
 garbage-first heap   total 260096K, used 117124K [0x0000000080000000, 0x0000000100000000)
  region size 1024K, 18 young (18432K), 15 survivors (15360K)
 Metaspace       used 97298K, capacity 100213K, committed 100344K, reserved 1136640K
  class space    used 12593K, capacity 13750K, committed 13824K, reserved 1048576K
}
Event: 43.651 GC heap after
{Heap after GC invocations=18 (full 0):
 garbage-first heap   total 260096K, used 117028K [0x0000000080000000, 0x0000000100000000)
  region size 1024K, 1 young (1024K), 1 survivors (1024K)
 Metaspace       used 97298K, capacity 100213K, committed 100344K, reserved 1136640K
  class space    used 12593K, capacity 13750K, committed 13824K, reserved 1048576K
}
Event: 44.696 GC heap before
{Heap before GC invocations=19 (full 0):
 garbage-first heap   total 260096K, used 168228K [0x0000000080000000, 0x0000000100000000)
  region size 1024K, 52 young (53248K), 1 survivors (1024K)
 Metaspace       used 99623K, capacity 102249K, committed 103616K, reserved 1138688K
  class space    used 12628K, capacity 13622K, committed 14080K, reserved 1048576K
}
Event: 44.706 GC heap after
{Heap after GC invocations=20 (full 0):
 garbage-first heap   total 260096K, used 120100K [0x0000000080000000, 0x0000000100000000)
  region size 1024K, 5 young (5120K), 5 survivors (5120K)
 Metaspace       used 99623K, capacity 102249K, committed 103616K, reserved 1138688K
  class space    used 12628K, capacity 13622K, committed 14080K, reserved 1048576K
}
Event: 45.121 GC heap before
{Heap before GC invocations=21 (full 0):
 garbage-first heap   total 260096K, used 174372K [0x0000000080000000, 0x0000000100000000)
  region size 1024K, 60 young (61440K), 5 survivors (5120K)
 Metaspace       used 99685K, capacity 102327K, committed 103616K, reserved 1138688K
  class space    used 12633K, capacity 13624K, committed 14080K, reserved 1048576K
}
Event: 45.129 GC heap after
{Heap after GC invocations=22 (full 0):
 garbage-first heap   total 260096K, used 122287K [0x0000000080000000, 0x0000000100000000)
  region size 1024K, 4 young (4096K), 4 survivors (4096K)
 Metaspace       used 99685K, capacity 102327K, committed 103616K, reserved 1138688K
  class space    used 12633K, capacity 13624K, committed 14080K, reserved 1048576K
}
Event: 45.551 GC heap before
{Heap before GC invocations=22 (full 0):
 garbage-first heap   total 260096K, used 173487K [0x0000000080000000, 0x0000000100000000)
  region size 1024K, 56 young (57344K), 4 survivors (4096K)
 Metaspace       used 99886K, capacity 102537K, committed 103872K, reserved 1138688K
  class space    used 12649K, capacity 13629K, committed 14080K, reserved 1048576K
}
Event: 45.556 GC heap after
{Heap after GC invocations=23 (full 0):
 garbage-first heap   total 260096K, used 124459K [0x0000000080000000, 0x0000000100000000)
  region size 1024K, 6 young (6144K), 6 survivors (6144K)
 Metaspace       used 99886K, capacity 102537K, committed 103872K, reserved 1138688K
  class space    used 12649K, capacity 13629K, committed 14080K, reserved 1048576K
}
Event: 46.182 GC heap before
{Heap before GC invocations=24 (full 0):
 garbage-first heap   total 260096K, used 187947K [0x0000000080000000, 0x0000000100000000)
  region size 1024K, 68 young (69632K), 6 survivors (6144K)
 Metaspace       used 102332K, capacity 105189K, committed 105408K, reserved 1140736K
  class space    used 13184K, capacity 14272K, committed 14336K, reserved 1048576K
}
Event: 46.193 GC heap after
{Heap after GC invocations=25 (full 0):
 garbage-first heap   total 260096K, used 130829K [0x0000000080000000, 0x0000000100000000)
  region size 1024K, 9 young (9216K), 9 survivors (9216K)
 Metaspace       used 102332K, capacity 105189K, committed 105408K, reserved 1140736K
  class space    used 13184K, capacity 14272K, committed 14336K, reserved 1048576K
}
Event: 46.201 GC heap before
{Heap before GC invocations=25 (full 0):
 garbage-first heap   total 260096K, used 133901K [0x0000000080000000, 0x0000000100000000)
  region size 1024K, 12 young (12288K), 9 survivors (9216K)
 Metaspace       used 102427K, capacity 105288K, committed 105408K, reserved 1140736K
  class space    used 13203K, capacity 14305K, committed 14336K, reserved 1048576K
}
Event: 46.209 GC heap after
{Heap after GC invocations=26 (full 0):
 garbage-first heap   total 260096K, used 125962K [0x0000000080000000, 0x0000000100000000)
  region size 1024K, 2 young (2048K), 2 survivors (2048K)
 Metaspace       used 102427K, capacity 105288K, committed 105408K, reserved 1140736K
  class space    used 13203K, capacity 14305K, committed 14336K, reserved 1048576K
}
Event: 46.672 GC heap before
{Heap before GC invocations=26 (full 0):
 garbage-first heap   total 260096K, used 189450K [0x0000000080000000, 0x0000000100000000)
  region size 1024K, 65 young (66560K), 2 survivors (2048K)
 Metaspace       used 109752K, capacity 113765K, committed 113984K, reserved 1146880K
  class space    used 14595K, capacity 16235K, committed 16256K, reserved 1048576K
}
Event: 46.689 GC heap after
{Heap after GC invocations=27 (full 0):
 garbage-first heap   total 260096K, used 131065K [0x0000000080000000, 0x0000000100000000)
  region size 1024K, 7 young (7168K), 7 survivors (7168K)
 Metaspace       used 109752K, capacity 113765K, committed 113984K, reserved 1146880K
  class space    used 14595K, capacity 16235K, committed 16256K, reserved 1048576K
}
Event: 47.105 GC heap before
{Heap before GC invocations=28 (full 0):
 garbage-first heap   total 260096K, used 192505K [0x0000000080000000, 0x0000000100000000)
  region size 1024K, 70 young (71680K), 7 survivors (7168K)
 Metaspace       used 111052K, capacity 114968K, committed 115648K, reserved 1148928K
  class space    used 14742K, capacity 16338K, committed 16640K, reserved 1048576K
}
Event: 47.115 GC heap after
{Heap after GC invocations=29 (full 0):
 garbage-first heap   total 260096K, used 132193K [0x0000000080000000, 0x0000000100000000)
  region size 1024K, 4 young (4096K), 4 survivors (4096K)
 Metaspace       used 111052K, capacity 114968K, committed 115648K, reserved 1148928K
  class space    used 14742K, capacity 16338K, committed 16640K, reserved 1048576K
}
Event: 47.585 GC heap before
{Heap before GC invocations=29 (full 0):
 garbage-first heap   total 260096K, used 196705K [0x0000000080000000, 0x0000000100000000)
  region size 1024K, 69 young (70656K), 4 survivors (4096K)
 Metaspace       used 112204K, capacity 116344K, committed 116672K, reserved 1148928K
  class space    used 14851K, capacity 16536K, committed 16640K, reserved 1048576K
}
Event: 47.591 GC heap after
{Heap after GC invocations=30 (full 0):
 garbage-first heap   total 260096K, used 133732K [0x0000000080000000, 0x0000000100000000)
  region size 1024K, 6 young (6144K), 6 survivors (6144K)
 Metaspace       used 112204K, capacity 116344K, committed 116672K, reserved 1148928K
  class space    used 14851K, capacity 16536K, committed 16640K, reserved 1048576K
}

