# JRE version: OpenJDK Runtime Environment (11.0.12+7) (build 11.0.12+7-b1504.28-7817840)
# Java VM: OpenJDK 64-Bit Server VM (11.0.12+7-b1504.28-7817840, mixed mode, tiered, compressed oops, g1 gc, windows-amd64)
Heap:
 garbage-first heap   total 260096K, used 166693K [0x0000000080000000, 0x0000000100000000)
  region size 1024K, 32 young (32768K), 2 survivors (2048K)
 Metaspace       used 153473K, capacity 158816K, committed 159116K, reserved 1187840K
  class space    used 18677K, capacity 20632K, committed 20736K, reserved 1048576K
GC Heap History (20 events):
Event: 4305.173 GC heap before
{Heap before GC invocations=132 (full 0):
 garbage-first heap   total 260096K, used 219144K [0x0000000080000000, 0x0000000100000000)
  region size 1024K, 47 young (48128K), 2 survivors (2048K)
 Metaspace       used 146532K, capacity 151773K, committed 152076K, reserved 1181696K
  class space    used 18071K, capacity 19981K, committed 20096K, reserved 1048576K
}
Event: 4305.181 GC heap after
{Heap after GC invocations=133 (full 0):
 garbage-first heap   total 260096K, used 168451K [0x0000000080000000, 0x0000000100000000)
  region size 1024K, 6 young (6144K), 6 survivors (6144K)
 Metaspace       used 146532K, capacity 151773K, committed 152076K, reserved 1181696K
  class space    used 18071K, capacity 19981K, committed 20096K, reserved 1048576K
}
Event: 4305.442 GC heap before
{Heap before GC invocations=133 (full 0):
 garbage-first heap   total 260096K, used 174595K [0x0000000080000000, 0x0000000100000000)
  region size 1024K, 12 young (12288K), 6 survivors (6144K)
 Metaspace       used 146539K, capacity 151773K, committed 152076K, reserved 1181696K
  class space    used 18071K, capacity 19981K, committed 20096K, reserved 1048576K
}
Event: 4305.450 GC heap after
{Heap after GC invocations=134 (full 0):
 garbage-first heap   total 260096K, used 165880K [0x0000000080000000, 0x0000000100000000)
  region size 1024K, 1 young (1024K), 1 survivors (1024K)
 Metaspace       used 146539K, capacity 151773K, committed 152076K, reserved 1181696K
  class space    used 18071K, capacity 19981K, committed 20096K, reserved 1048576K
}
Event: 4305.586 GC heap before
{Heap before GC invocations=134 (full 0):
 garbage-first heap   total 260096K, used 172024K [0x0000000080000000, 0x0000000100000000)
  region size 1024K, 9 young (9216K), 1 survivors (1024K)
 Metaspace       used 146638K, capacity 151875K, committed 152076K, reserved 1181696K
  class space    used 18078K, capacity 20015K, committed 20096K, reserved 1048576K
}
Event: 4305.592 GC heap after
{Heap after GC invocations=135 (full 0):
 garbage-first heap   total 260096K, used 170926K [0x0000000080000000, 0x0000000100000000)
  region size 1024K, 6 young (6144K), 6 survivors (6144K)
 Metaspace       used 146638K, capacity 151875K, committed 152076K, reserved 1181696K
  class space    used 18078K, capacity 20015K, committed 20096K, reserved 1048576K
}
Event: 4305.903 GC heap before
{Heap before GC invocations=136 (full 0):
 garbage-first heap   total 260096K, used 230318K [0x0000000080000000, 0x0000000100000000)
  region size 1024K, 48 young (49152K), 6 survivors (6144K)
 Metaspace       used 147616K, capacity 152883K, committed 153100K, reserved 1181696K
  class space    used 18167K, capacity 20088K, committed 20096K, reserved 1048576K
}
Event: 4305.908 GC heap after
{Heap after GC invocations=137 (full 0):
 garbage-first heap   total 260096K, used 174015K [0x0000000080000000, 0x0000000100000000)
  region size 1024K, 6 young (6144K), 6 survivors (6144K)
 Metaspace       used 147616K, capacity 152883K, committed 153100K, reserved 1181696K
  class space    used 18167K, capacity 20088K, committed 20096K, reserved 1048576K
}
Event: 4305.974 GC heap before
{Heap before GC invocations=137 (full 0):
 garbage-first heap   total 260096K, used 179135K [0x0000000080000000, 0x0000000100000000)
  region size 1024K, 12 young (12288K), 6 survivors (6144K)
 Metaspace       used 148514K, capacity 153743K, committed 153996K, reserved 1183744K
  class space    used 18244K, capacity 20153K, committed 20224K, reserved 1048576K
}
Event: 4305.978 GC heap after
{Heap after GC invocations=138 (full 0):
 garbage-first heap   total 260096K, used 174896K [0x0000000080000000, 0x0000000100000000)
  region size 1024K, 1 young (1024K), 1 survivors (1024K)
 Metaspace       used 148514K, capacity 153743K, committed 153996K, reserved 1183744K
  class space    used 18244K, capacity 20153K, committed 20224K, reserved 1048576K
}
Event: 4306.272 GC heap before
{Heap before GC invocations=138 (full 0):
 garbage-first heap   total 260096K, used 213808K [0x0000000080000000, 0x0000000100000000)
  region size 1024K, 40 young (40960K), 1 survivors (1024K)
 Metaspace       used 150882K, capacity 156150K, committed 156300K, reserved 1185792K
  class space    used 18425K, capacity 20378K, committed 20480K, reserved 1048576K
}
Event: 4306.277 GC heap after
{Heap after GC invocations=139 (full 0):
 garbage-first heap   total 260096K, used 179664K [0x0000000080000000, 0x0000000100000000)
  region size 1024K, 5 young (5120K), 5 survivors (5120K)
 Metaspace       used 150882K, capacity 156150K, committed 156300K, reserved 1185792K
  class space    used 18425K, capacity 20378K, committed 20480K, reserved 1048576K
}
Event: 4306.441 GC heap before
{Heap before GC invocations=139 (full 0):
 garbage-first heap   total 260096K, used 199120K [0x0000000080000000, 0x0000000100000000)
  region size 1024K, 41 young (41984K), 5 survivors (5120K)
 Metaspace       used 151332K, capacity 156566K, committed 156812K, reserved 1185792K
  class space    used 18455K, capacity 20410K, committed 20480K, reserved 1048576K
}
Event: 4306.447 GC heap after
{Heap after GC invocations=140 (full 0):
 garbage-first heap   total 260096K, used 168707K [0x0000000080000000, 0x0000000100000000)
  region size 1024K, 6 young (6144K), 6 survivors (6144K)
 Metaspace       used 151332K, capacity 156566K, committed 156812K, reserved 1185792K
  class space    used 18455K, capacity 20410K, committed 20480K, reserved 1048576K
}
Event: 4307.002 GC heap before
{Heap before GC invocations=141 (full 0):
 garbage-first heap   total 260096K, used 209667K [0x0000000080000000, 0x0000000100000000)
  region size 1024K, 47 young (48128K), 6 survivors (6144K)
 Metaspace       used 152423K, capacity 157723K, committed 157964K, reserved 1187840K
  class space    used 18549K, capacity 20513K, committed 20608K, reserved 1048576K
}
Event: 4307.007 GC heap after
{Heap after GC invocations=142 (full 0):
 garbage-first heap   total 260096K, used 165614K [0x0000000080000000, 0x0000000100000000)
  region size 1024K, 2 young (2048K), 2 survivors (2048K)
 Metaspace       used 152423K, capacity 157723K, committed 157964K, reserved 1187840K
  class space    used 18549K, capacity 20513K, committed 20608K, reserved 1048576K
}
Event: 4307.070 GC heap before
{Heap before GC invocations=142 (full 0):
 garbage-first heap   total 260096K, used 174830K [0x0000000080000000, 0x0000000100000000)
  region size 1024K, 12 young (12288K), 2 survivors (2048K)
 Metaspace       used 152850K, capacity 158205K, committed 158476K, reserved 1187840K
  class space    used 18608K, capacity 20557K, committed 20608K, reserved 1048576K
}
Event: 4307.077 GC heap after
{Heap after GC invocations=143 (full 0):
 garbage-first heap   total 260096K, used 140553K [0x0000000080000000, 0x0000000100000000)
  region size 1024K, 1 young (1024K), 1 survivors (1024K)
 Metaspace       used 152850K, capacity 158205K, committed 158476K, reserved 1187840K
  class space    used 18608K, capacity 20557K, committed 20608K, reserved 1048576K
}
Event: 4307.168 GC heap before
{Heap before GC invocations=143 (full 0):
 garbage-first heap   total 260096K, used 151817K [0x0000000080000000, 0x0000000100000000)
  region size 1024K, 12 young (12288K), 1 survivors (1024K)
 Metaspace       used 153002K, capacity 158378K, committed 158476K, reserved 1187840K
  class space    used 18630K, capacity 20593K, committed 20608K, reserved 1048576K
}
Event: 4307.175 GC heap after
{Heap after GC invocations=144 (full 0):
 garbage-first heap   total 260096K, used 136997K [0x0000000080000000, 0x0000000100000000)
  region size 1024K, 2 young (2048K), 2 survivors (2048K)
 Metaspace       used 153002K, capacity 158378K, committed 158476K, reserved 1187840K
  class space    used 18630K, capacity 20593K, committed 20608K, reserved 1048576K
}

